<?xml version="1.0" encoding="UTF-8"?>
<!-- Generated by org.testng.reporters.JUnitXMLReporter -->
<testsuite hostname="NB-13-Rohit" ignored="0" name="Retail Ops" tests="1" failures="0" timestamp="25 May 2020 10:40:55 GMT" time="76.461" errors="0">
  <testcase name="@BeforeTest initial" time="75.815" classname="Infomil.Retailops">
    <failure type="org.openqa.selenium.NoSuchElementException" message="Cannot locate an element using id=loginForm_user_username
For documentation on this error, please visit: https://www.seleniumhq.org/exceptions/no_such_element.html
Build info: version: &amp;apos;3.141.59&amp;apos;, revision: &amp;apos;e82be7d358&amp;apos;, time: &amp;apos;2018-11-14T08:17:03&amp;apos;
System info: host: &amp;apos;NB-13-ROHIT&amp;apos;, ip: &amp;apos;169.254.158.163&amp;apos;, os.name: &amp;apos;Windows 10&amp;apos;, os.arch: &amp;apos;amd64&amp;apos;, os.version: &amp;apos;10.0&amp;apos;, java.version: &amp;apos;1.8.0_162&amp;apos;
Driver info: driver.version: RemoteWebDriver">
      <![CDATA[org.openqa.selenium.NoSuchElementException: Cannot locate an element using id=loginForm_user_username
For documentation on this error, please visit: https://www.seleniumhq.org/exceptions/no_such_element.html
Build info: version: '3.141.59', revision: 'e82be7d358', time: '2018-11-14T08:17:03'
System info: host: 'NB-13-ROHIT', ip: '169.254.158.163', os.name: 'Windows 10', os.arch: 'amd64', os.version: '10.0', java.version: '1.8.0_162'
Driver info: driver.version: RemoteWebDriver
at org.openqa.selenium.remote.RemoteWebDriver.findElement(RemoteWebDriver.java:327)
at org.openqa.selenium.remote.RemoteWebDriver.findElementById(RemoteWebDriver.java:372)
at org.openqa.selenium.By$ById.findElement(By.java:188)
at org.openqa.selenium.remote.RemoteWebDriver.findElement(RemoteWebDriver.java:315)
at pageObjects.LoginPage.username(LoginPage.java:22)
at resources.base.login(base.java:60)
at Infomil.Retailops.initial(Retailops.java:24)
... Removed 24 stack frames]]>
    </failure>
  </testcase> <!-- @BeforeTest initial -->
  <testcase name="@AfterTest tearDown" time="0.0" classname="Infomil.Retailops">
    <skipped/>
  </testcase> <!-- @AfterTest tearDown -->
  <testcase name="retailOps" time="0.0" classname="Infomil.Retailops">
    <skipped/>
  </testcase> <!-- retailOps -->
</testsuite> <!-- Retail Ops -->
